2020-12-13 21:15:30.346  INFO 12344 --- [restartedMain] .b.e.EmployeePayRollAppSpringApplication : Starting EmployeePayRollAppSpringApplication using Java 1.8.0_261 on DESKTOP-DAETKHE with PID 12344 (D:\AssignmentBridgeLabs\EmployeepayRollAppSpring\target\classes started by GV in D:\AssignmentBridgeLabs\EmployeePayRollAppSpring)
2020-12-13 21:15:30.347 DEBUG 12344 --- [restartedMain] .b.e.EmployeePayRollAppSpringApplication : Running with Spring Boot v2.4.1, Spring v5.3.2
2020-12-13 21:15:30.348  INFO 12344 --- [restartedMain] .b.e.EmployeePayRollAppSpringApplication : No active profile set, falling back to default profiles: default
2020-12-13 21:15:30.724  WARN 12344 --- [restartedMain] JpaBaseConfiguration$JpaWebConfiguration : spring.jpa.open-in-view is enabled by default. Therefore, database queries may be performed during view rendering. Explicitly configure spring.jpa.open-in-view to disable this warning
2020-12-13 21:15:30.821  INFO 12344 --- [restartedMain] .b.e.EmployeePayRollAppSpringApplication : Started EmployeePayRollAppSpringApplication in 0.522 seconds (JVM running for 456.467)
2020-12-13 21:34:57.960  INFO 12344 --- [restartedMain] .b.e.EmployeePayRollAppSpringApplication : Starting EmployeePayRollAppSpringApplication using Java 1.8.0_261 on DESKTOP-DAETKHE with PID 12344 (D:\AssignmentBridgeLabs\EmployeepayRollAppSpring\target\classes started by GV in D:\AssignmentBridgeLabs\EmployeePayRollAppSpring)
2020-12-13 21:34:57.961 DEBUG 12344 --- [restartedMain] .b.e.EmployeePayRollAppSpringApplication : Running with Spring Boot v2.4.1, Spring v5.3.2
2020-12-13 21:34:57.961  INFO 12344 --- [restartedMain] .b.e.EmployeePayRollAppSpringApplication : No active profile set, falling back to default profiles: default
2020-12-13 21:34:58.287  WARN 12344 --- [restartedMain] JpaBaseConfiguration$JpaWebConfiguration : spring.jpa.open-in-view is enabled by default. Therefore, database queries may be performed during view rendering. Explicitly configure spring.jpa.open-in-view to disable this warning
2020-12-13 21:34:58.369  INFO 12344 --- [restartedMain] .b.e.EmployeePayRollAppSpringApplication : Started EmployeePayRollAppSpringApplication in 0.436 seconds (JVM running for 1624.014)
2020-12-13 22:25:06.791  INFO 12228 --- [restartedMain] .b.e.EmployeePayRollAppSpringApplication : Starting EmployeePayRollAppSpringApplication using Java 1.8.0_261 on DESKTOP-DAETKHE with PID 12228 (D:\AssignmentBridgeLabs\EmployeepayRollAppSpring\target\classes started by GV in D:\AssignmentBridgeLabs\EmployeePayRollAppSpring)
2020-12-13 22:25:06.794 DEBUG 12228 --- [restartedMain] .b.e.EmployeePayRollAppSpringApplication : Running with Spring Boot v2.4.1, Spring v5.3.2
2020-12-13 22:25:06.794  INFO 12228 --- [restartedMain] .b.e.EmployeePayRollAppSpringApplication : No active profile set, falling back to default profiles: default
2020-12-13 22:25:09.139  WARN 12228 --- [restartedMain] JpaBaseConfiguration$JpaWebConfiguration : spring.jpa.open-in-view is enabled by default. Therefore, database queries may be performed during view rendering. Explicitly configure spring.jpa.open-in-view to disable this warning
2020-12-13 22:25:09.440  INFO 12228 --- [restartedMain] .b.e.EmployeePayRollAppSpringApplication : Started EmployeePayRollAppSpringApplication in 2.996 seconds (JVM running for 3.866)
2020-12-13 22:40:35.744  INFO 4244 --- [restartedMain] .b.e.EmployeePayRollAppSpringApplication : Starting EmployeePayRollAppSpringApplication using Java 1.8.0_261 on DESKTOP-DAETKHE with PID 4244 (D:\AssignmentBridgeLabs\EmployeepayRollAppSpring\target\classes started by GV in D:\AssignmentBridgeLabs\EmployeePayRollAppSpring)
2020-12-13 22:40:35.747 DEBUG 4244 --- [restartedMain] .b.e.EmployeePayRollAppSpringApplication : Running with Spring Boot v2.4.1, Spring v5.3.2
2020-12-13 22:40:35.748  INFO 4244 --- [restartedMain] .b.e.EmployeePayRollAppSpringApplication : No active profile set, falling back to default profiles: default
2020-12-13 22:40:38.432  WARN 4244 --- [restartedMain] JpaBaseConfiguration$JpaWebConfiguration : spring.jpa.open-in-view is enabled by default. Therefore, database queries may be performed during view rendering. Explicitly configure spring.jpa.open-in-view to disable this warning
2020-12-13 22:40:38.744  INFO 4244 --- [restartedMain] .b.e.EmployeePayRollAppSpringApplication : Started EmployeePayRollAppSpringApplication in 3.338 seconds (JVM running for 4.529)
2020-12-13 22:40:38.748  INFO 4244 --- [restartedMain] .b.e.EmployeePayRollAppSpringApplication : Employee Payroll App Started in COMMON Environment
2020-12-13 22:52:38.014  INFO 4004 --- [restartedMain] .b.e.EmployeePayRollAppSpringApplication : Starting EmployeePayRollAppSpringApplication using Java 1.8.0_261 on DESKTOP-DAETKHE with PID 4004 (D:\AssignmentBridgeLabs\EmployeepayRollAppSpring\target\classes started by GV in D:\AssignmentBridgeLabs\EmployeePayRollAppSpring)
2020-12-13 22:52:38.018 DEBUG 4004 --- [restartedMain] .b.e.EmployeePayRollAppSpringApplication : Running with Spring Boot v2.4.1, Spring v5.3.2
2020-12-13 22:52:38.019  INFO 4004 --- [restartedMain] .b.e.EmployeePayRollAppSpringApplication : No active profile set, falling back to default profiles: default
2020-12-13 22:52:40.562  WARN 4004 --- [restartedMain] JpaBaseConfiguration$JpaWebConfiguration : spring.jpa.open-in-view is enabled by default. Therefore, database queries may be performed during view rendering. Explicitly configure spring.jpa.open-in-view to disable this warning
2020-12-13 22:52:40.860  INFO 4004 --- [restartedMain] .b.e.EmployeePayRollAppSpringApplication : Started EmployeePayRollAppSpringApplication in 3.214 seconds (JVM running for 4.138)
2020-12-13 22:52:40.864  INFO 4004 --- [restartedMain] .b.e.EmployeePayRollAppSpringApplication : Employee Payroll App Started in COMMON Environment
2020-12-13 23:02:43.268  INFO 4004 --- [restartedMain] .b.e.EmployeePayRollAppSpringApplication : Starting EmployeePayRollAppSpringApplication using Java 1.8.0_261 on DESKTOP-DAETKHE with PID 4004 (D:\AssignmentBridgeLabs\EmployeepayRollAppSpring\target\classes started by GV in D:\AssignmentBridgeLabs\EmployeePayRollAppSpring)
2020-12-13 23:02:43.268 DEBUG 4004 --- [restartedMain] .b.e.EmployeePayRollAppSpringApplication : Running with Spring Boot v2.4.1, Spring v5.3.2
2020-12-13 23:02:43.268  INFO 4004 --- [restartedMain] .b.e.EmployeePayRollAppSpringApplication : No active profile set, falling back to default profiles: default
2020-12-13 23:02:43.525  WARN 4004 --- [restartedMain] JpaBaseConfiguration$JpaWebConfiguration : spring.jpa.open-in-view is enabled by default. Therefore, database queries may be performed during view rendering. Explicitly configure spring.jpa.open-in-view to disable this warning
2020-12-13 23:02:43.609  INFO 4004 --- [restartedMain] .b.e.EmployeePayRollAppSpringApplication : Started EmployeePayRollAppSpringApplication in 0.361 seconds (JVM running for 606.886)
